2024-06-26 11:22:46,761 - INFO - Fetched 50 ridership so far...
2024-06-26 11:22:48,531 - INFO - Fetched 100 ridership so far...
2024-06-26 11:22:50,046 - INFO - Fetched 150 ridership so far...
2024-06-26 11:22:51,694 - INFO - Fetched 200 ridership so far...
2024-06-26 11:22:53,225 - INFO - Fetched 250 ridership so far...
2024-06-26 11:22:55,027 - INFO - Fetched 300 ridership so far...
2024-06-26 11:22:56,450 - INFO - Fetched 350 ridership so far...
2024-06-26 11:22:57,902 - INFO - Fetched 400 ridership so far...
2024-06-26 11:22:59,411 - INFO - Fetched 450 ridership so far...
2024-06-26 11:23:01,127 - INFO - Fetched 500 ridership so far...
2024-06-26 11:23:02,872 - INFO - Fetched 550 ridership so far...
2024-06-26 11:23:04,362 - INFO - Fetched 600 ridership so far...
2024-06-26 11:23:05,778 - INFO - Fetched 650 ridership so far...
2024-06-26 11:23:07,228 - INFO - Fetched 700 ridership so far...
2024-06-26 11:23:08,679 - INFO - Fetched 750 ridership so far...
2024-06-26 11:23:10,154 - INFO - Fetched 800 ridership so far...
2024-06-26 11:23:11,634 - INFO - Fetched 850 ridership so far...
2024-06-26 11:23:13,347 - INFO - Fetched 900 ridership so far...
2024-06-26 11:23:15,328 - INFO - Fetched 950 ridership so far...
2024-06-26 11:23:16,785 - INFO - Fetched 1000 ridership so far...
2024-06-26 11:23:18,330 - INFO - Fetched 1050 ridership so far...
2024-06-26 11:23:19,817 - INFO - Fetched 1100 ridership so far...
2024-06-26 11:23:21,329 - INFO - Fetched 1150 ridership so far...
2024-06-26 11:23:22,919 - INFO - Fetched 1200 ridership so far...
2024-06-26 11:23:24,491 - INFO - Fetched 1250 ridership so far...
2024-06-26 11:23:26,020 - INFO - Fetched 1300 ridership so far...
2024-06-26 11:23:27,508 - INFO - Fetched 1350 ridership so far...
2024-06-26 11:23:28,960 - INFO - Fetched 1400 ridership so far...
2024-06-26 11:23:30,826 - INFO - Fetched 1450 ridership so far...
2024-06-26 11:23:32,301 - INFO - Fetched 1500 ridership so far...
2024-06-26 11:23:33,862 - INFO - Fetched 1550 ridership so far...
2024-06-26 11:23:35,292 - INFO - Fetched 1600 ridership so far...
2024-06-26 11:23:36,729 - INFO - Fetched 1650 ridership so far...
2024-06-26 11:23:38,149 - INFO - Fetched 1700 ridership so far...
2024-06-26 11:23:39,653 - INFO - Fetched 1750 ridership so far...
2024-06-26 11:23:41,102 - INFO - Fetched 1800 ridership so far...
2024-06-26 11:23:42,897 - INFO - Fetched 1850 ridership so far...
2024-06-26 11:23:44,579 - INFO - Fetched 1900 ridership so far...
2024-06-26 11:23:45,979 - INFO - Fetched 1950 ridership so far...
2024-06-26 11:23:47,438 - INFO - Fetched 2000 ridership so far...
2024-06-26 11:23:48,885 - INFO - Fetched 2050 ridership so far...
2024-06-26 11:23:50,402 - INFO - Fetched 2100 ridership so far...
2024-06-26 11:23:51,876 - INFO - Fetched 2150 ridership so far...
2024-06-26 11:23:53,337 - INFO - Fetched 2200 ridership so far...
2024-06-26 11:23:55,005 - INFO - Fetched 2250 ridership so far...
2024-06-26 11:23:56,571 - INFO - Fetched 2300 ridership so far...
2024-06-26 11:23:58,320 - INFO - Fetched 2350 ridership so far...
2024-06-26 11:23:59,806 - INFO - Fetched 2400 ridership so far...
2024-06-26 11:24:01,514 - INFO - Fetched 2450 ridership so far...
2024-06-26 11:24:03,179 - INFO - Fetched 2500 ridership so far...
2024-06-26 11:24:04,786 - INFO - Fetched 2550 ridership so far...
2024-06-26 11:24:06,282 - INFO - Fetched 2600 ridership so far...
2024-06-26 11:24:07,918 - INFO - Fetched 2650 ridership so far...
2024-06-26 11:24:09,431 - INFO - Fetched 2700 ridership so far...
2024-06-26 11:24:10,999 - INFO - Fetched 2750 ridership so far...
2024-06-26 11:24:12,445 - INFO - Fetched 2800 ridership so far...
2024-06-26 11:24:14,089 - INFO - Fetched 2850 ridership so far...
2024-06-26 11:24:15,725 - INFO - Fetched 2900 ridership so far...
2024-06-26 11:24:17,216 - INFO - Fetched 2950 ridership so far...
2024-06-26 11:24:18,796 - INFO - Fetched 3000 ridership so far...
2024-06-26 11:24:20,250 - INFO - Fetched 3050 ridership so far...
2024-06-26 11:24:21,684 - INFO - Fetched 3100 ridership so far...
2024-06-26 11:24:23,191 - INFO - Fetched 3150 ridership so far...
2024-06-26 11:24:24,657 - INFO - Fetched 3200 ridership so far...
2024-06-26 11:24:26,147 - INFO - Fetched 3250 ridership so far...
2024-06-26 11:24:27,768 - INFO - Fetched 3300 ridership so far...
2024-06-26 11:24:29,214 - INFO - Fetched 3350 ridership so far...
2024-06-26 11:24:30,758 - INFO - Fetched 3400 ridership so far...
2024-06-26 11:24:32,230 - INFO - Fetched 3450 ridership so far...
2024-06-26 11:24:33,738 - INFO - Fetched 3500 ridership so far...
2024-06-26 11:24:35,324 - INFO - Fetched 3550 ridership so far...
2024-06-26 11:24:36,744 - INFO - Fetched 3600 ridership so far...
2024-06-26 11:24:38,168 - INFO - Fetched 3650 ridership so far...
2024-06-26 11:24:39,614 - INFO - Fetched 3700 ridership so far...
2024-06-26 11:24:41,222 - INFO - Fetched 3750 ridership so far...
2024-06-26 11:24:42,643 - INFO - Fetched 3800 ridership so far...
2024-06-26 11:24:44,095 - INFO - Fetched 3850 ridership so far...
2024-06-26 11:24:45,543 - INFO - Fetched 3900 ridership so far...
2024-06-26 11:24:46,958 - INFO - Fetched 3950 ridership so far...
2024-06-26 11:24:48,592 - INFO - Fetched 4000 ridership so far...
2024-06-26 11:24:50,029 - INFO - Fetched 4050 ridership so far...
2024-06-26 11:24:51,630 - INFO - Fetched 4100 ridership so far...
2024-06-26 11:24:53,252 - INFO - Fetched 4150 ridership so far...
2024-06-26 11:24:54,722 - INFO - Fetched 4200 ridership so far...
2024-06-26 11:24:56,245 - INFO - Fetched 4250 ridership so far...
2024-06-26 11:24:57,712 - INFO - Fetched 4300 ridership so far...
2024-06-26 11:24:59,116 - INFO - Fetched 4350 ridership so far...
2024-06-26 11:25:00,764 - INFO - Fetched 4400 ridership so far...
2024-06-26 11:25:02,263 - INFO - Fetched 4450 ridership so far...
2024-06-26 11:25:03,725 - INFO - Fetched 4500 ridership so far...
2024-06-26 11:25:05,648 - INFO - Fetched 4550 ridership so far...
2024-06-26 11:25:07,186 - INFO - Fetched 4600 ridership so far...
2024-06-26 11:25:08,940 - INFO - Fetched 4650 ridership so far...
2024-06-26 11:25:10,373 - INFO - Fetched 4700 ridership so far...
2024-06-26 11:25:11,977 - INFO - Fetched 4750 ridership so far...
2024-06-26 11:25:13,447 - INFO - Fetched 4800 ridership so far...
2024-06-26 11:25:15,389 - INFO - Fetched 4850 ridership so far...
2024-06-26 11:25:17,026 - INFO - Fetched 4900 ridership so far...
2024-06-26 11:25:18,481 - INFO - Fetched 4950 ridership so far...
2024-06-26 11:25:19,998 - INFO - Fetched 5000 ridership so far...
2024-06-26 11:25:21,528 - INFO - Fetched 5050 ridership so far...
2024-06-26 11:25:23,056 - INFO - Fetched 5100 ridership so far...
2024-06-26 11:25:24,551 - INFO - Fetched 5150 ridership so far...
2024-06-26 11:25:26,192 - INFO - Fetched 5200 ridership so far...
2024-06-26 11:25:27,608 - INFO - Fetched 5250 ridership so far...
2024-06-26 11:25:29,139 - INFO - Fetched 5300 ridership so far...
2024-06-26 11:25:30,696 - INFO - Fetched 5350 ridership so far...
2024-06-26 11:25:32,137 - INFO - Fetched 5400 ridership so far...
2024-06-26 11:25:33,614 - INFO - Fetched 5450 ridership so far...
2024-06-26 11:25:35,160 - INFO - Fetched 5500 ridership so far...
2024-06-26 11:25:36,815 - INFO - Fetched 5550 ridership so far...
2024-06-26 11:25:38,221 - INFO - Fetched 5600 ridership so far...
2024-06-26 11:25:39,681 - INFO - Fetched 5650 ridership so far...
2024-06-26 11:25:41,091 - INFO - Fetched 5700 ridership so far...
2024-06-26 11:25:42,503 - INFO - Fetched 5750 ridership so far...
2024-06-26 11:25:43,950 - INFO - Fetched 5800 ridership so far...
2024-06-26 11:25:45,394 - INFO - Fetched 5850 ridership so far...
2024-06-26 11:25:47,258 - INFO - Fetched 5900 ridership so far...
2024-06-26 11:25:48,747 - INFO - Fetched 5950 ridership so far...
2024-06-26 11:25:50,312 - INFO - Fetched 6000 ridership so far...
2024-06-26 11:25:52,067 - INFO - Fetched 6050 ridership so far...
2024-06-26 11:25:53,760 - INFO - Fetched 6100 ridership so far...
2024-06-26 11:25:55,348 - INFO - Fetched 6150 ridership so far...
2024-06-26 11:25:56,974 - INFO - Fetched 6200 ridership so far...
2024-06-26 11:25:58,744 - INFO - Fetched 6250 ridership so far...
2024-06-26 11:26:00,271 - INFO - Fetched 6300 ridership so far...
2024-06-26 11:26:01,705 - INFO - Fetched 6350 ridership so far...
2024-06-26 11:26:03,297 - INFO - Fetched 6400 ridership so far...
2024-06-26 11:26:04,782 - INFO - Fetched 6450 ridership so far...
2024-06-26 11:26:06,259 - INFO - Fetched 6500 ridership so far...
2024-06-26 11:26:07,689 - INFO - Fetched 6550 ridership so far...
2024-06-26 11:26:09,292 - INFO - Fetched 6600 ridership so far...
2024-06-26 11:26:10,794 - INFO - Fetched 6650 ridership so far...
2024-06-26 11:26:12,455 - INFO - Fetched 6700 ridership so far...
2024-06-26 11:26:13,927 - INFO - Fetched 6750 ridership so far...
2024-06-26 11:26:15,359 - INFO - Fetched 6800 ridership so far...
2024-06-26 11:26:17,030 - INFO - Fetched 6850 ridership so far...
2024-06-26 11:26:18,587 - INFO - Fetched 6900 ridership so far...
2024-06-26 11:26:20,140 - INFO - Fetched 6950 ridership so far...
2024-06-26 11:26:21,648 - INFO - Fetched 7000 ridership so far...
2024-06-26 11:26:23,041 - INFO - Fetched 7050 ridership so far...
2024-06-26 11:26:24,564 - INFO - Fetched 7100 ridership so far...
2024-06-26 11:26:26,184 - INFO - Fetched 7150 ridership so far...
2024-06-26 11:26:27,811 - INFO - Fetched 7200 ridership so far...
2024-06-26 11:26:29,246 - INFO - Fetched 7250 ridership so far...
2024-06-26 11:26:30,797 - INFO - Fetched 7300 ridership so far...
2024-06-26 11:26:32,321 - INFO - Fetched 7350 ridership so far...
2024-06-26 11:26:33,897 - INFO - Fetched 7400 ridership so far...
2024-06-26 11:26:35,344 - INFO - Fetched 7450 ridership so far...
2024-06-26 11:26:36,947 - INFO - Fetched 7500 ridership so far...
2024-06-26 11:26:38,509 - INFO - Fetched 7550 ridership so far...
2024-06-26 11:26:40,057 - INFO - Fetched 7600 ridership so far...
2024-06-26 11:26:41,477 - INFO - Fetched 7650 ridership so far...
2024-06-26 11:26:42,942 - INFO - Fetched 7700 ridership so far...
2024-06-26 11:26:44,358 - INFO - Fetched 7750 ridership so far...
2024-06-26 11:26:45,762 - INFO - Fetched 7800 ridership so far...
2024-06-26 11:26:47,206 - INFO - Fetched 7850 ridership so far...
2024-06-26 11:26:48,693 - INFO - Fetched 7900 ridership so far...
2024-06-26 11:26:50,191 - INFO - Fetched 7950 ridership so far...
2024-06-26 11:26:51,745 - INFO - Fetched 8000 ridership so far...
2024-06-26 11:26:53,138 - INFO - Fetched 8050 ridership so far...
2024-06-26 11:26:54,534 - INFO - Fetched 8100 ridership so far...
2024-06-26 11:26:55,998 - INFO - Fetched 8150 ridership so far...
2024-06-26 11:26:57,418 - INFO - Fetched 8200 ridership so far...
2024-06-26 11:26:59,096 - INFO - Fetched 8250 ridership so far...
2024-06-26 11:27:00,676 - INFO - Fetched 8300 ridership so far...
2024-06-26 11:27:02,180 - INFO - Fetched 8350 ridership so far...
2024-06-26 11:27:03,639 - INFO - Fetched 8400 ridership so far...
2024-06-26 11:27:05,033 - INFO - Fetched 8450 ridership so far...
2024-06-26 11:27:06,485 - INFO - Fetched 8500 ridership so far...
2024-06-26 11:27:08,045 - INFO - Fetched 8550 ridership so far...
2024-06-26 11:27:09,522 - INFO - Fetched 8600 ridership so far...
2024-06-26 11:27:11,026 - INFO - Fetched 8650 ridership so far...
2024-06-26 11:27:12,538 - INFO - Fetched 8700 ridership so far...
2024-06-26 11:27:14,054 - INFO - Fetched 8750 ridership so far...
2024-06-26 11:27:15,606 - INFO - Fetched 8800 ridership so far...
2024-06-26 11:27:17,078 - INFO - Fetched 8850 ridership so far...
2024-06-26 11:27:18,638 - INFO - Fetched 8900 ridership so far...
2024-06-26 11:27:20,133 - INFO - Fetched 8950 ridership so far...
2024-06-26 11:27:21,588 - INFO - Fetched 9000 ridership so far...
2024-06-26 11:27:23,100 - INFO - Fetched 9050 ridership so far...
2024-06-26 11:27:24,819 - INFO - Fetched 9100 ridership so far...
2024-06-26 11:27:26,246 - INFO - Fetched 9150 ridership so far...
2024-06-26 11:27:27,706 - INFO - Fetched 9200 ridership so far...
2024-06-26 11:27:29,191 - INFO - Fetched 9250 ridership so far...
2024-06-26 11:27:30,707 - INFO - Fetched 9300 ridership so far...
2024-06-26 11:27:32,175 - INFO - Fetched 9350 ridership so far...
2024-06-26 11:27:33,645 - INFO - Fetched 9400 ridership so far...
2024-06-26 11:27:35,080 - INFO - Fetched 9450 ridership so far...
2024-06-26 11:27:36,613 - INFO - Fetched 9500 ridership so far...
2024-06-26 11:27:38,047 - INFO - Fetched 9550 ridership so far...
2024-06-26 11:27:39,500 - INFO - Fetched 9600 ridership so far...
2024-06-26 11:27:41,041 - INFO - Fetched 9650 ridership so far...
2024-06-26 11:27:42,494 - INFO - Fetched 9700 ridership so far...
2024-06-26 11:27:43,992 - INFO - Fetched 9750 ridership so far...
2024-06-26 11:27:45,524 - INFO - Fetched 9800 ridership so far...
2024-06-26 11:27:46,943 - INFO - Fetched 9850 ridership so far...
2024-06-26 11:27:48,374 - INFO - Fetched 9900 ridership so far...
2024-06-26 11:27:49,935 - INFO - Fetched 9950 ridership so far...
2024-06-26 11:27:51,425 - INFO - Fetched 10000 ridership so far...
2024-06-26 11:27:52,924 - INFO - Fetched 10050 ridership so far...
2024-06-26 11:27:54,699 - INFO - Fetched 10100 ridership so far...
2024-06-26 11:27:56,135 - INFO - Fetched 10150 ridership so far...
2024-06-26 11:27:57,605 - INFO - Fetched 10200 ridership so far...
2024-06-26 11:27:59,269 - INFO - Fetched 10250 ridership so far...
2024-06-26 11:28:00,749 - INFO - Fetched 10300 ridership so far...
2024-06-26 11:28:02,185 - INFO - Fetched 10350 ridership so far...
2024-06-26 11:28:03,646 - INFO - Fetched 10400 ridership so far...
2024-06-26 11:28:05,195 - INFO - Fetched 10450 ridership so far...
2024-06-26 11:28:06,766 - INFO - Fetched 10500 ridership so far...
2024-06-26 11:28:08,460 - INFO - Fetched 10534 ridership so far...
2024-06-26 11:28:08,461 - INFO - Fetched 10534 ridership.
2024-06-26 11:28:09,618 - INFO - Fetched 50 duty so far...
2024-06-26 11:28:09,842 - INFO - Fetched 100 duty so far...
2024-06-26 11:28:10,142 - INFO - Fetched 150 duty so far...
2024-06-26 11:28:10,409 - INFO - Fetched 200 duty so far...
2024-06-26 11:28:10,610 - INFO - Fetched 250 duty so far...
2024-06-26 11:28:10,817 - INFO - Fetched 300 duty so far...
2024-06-26 11:28:11,119 - INFO - Fetched 350 duty so far...
2024-06-26 11:28:11,333 - INFO - Fetched 400 duty so far...
2024-06-26 11:28:11,536 - INFO - Fetched 450 duty so far...
2024-06-26 11:28:11,799 - INFO - Fetched 500 duty so far...
2024-06-26 11:28:12,012 - INFO - Fetched 550 duty so far...
2024-06-26 11:28:12,192 - INFO - Fetched 600 duty so far...
2024-06-26 11:28:12,571 - INFO - Fetched 650 duty so far...
2024-06-26 11:28:12,804 - INFO - Fetched 700 duty so far...
2024-06-26 11:28:13,031 - INFO - Fetched 750 duty so far...
2024-06-26 11:28:13,436 - INFO - Fetched 782 duty so far...
2024-06-26 11:28:13,436 - INFO - Fetched 782 duty.
2024-06-26 11:28:59,068 - INFO - Fetched 50 ridership so far...
2024-06-26 11:29:00,659 - INFO - Fetched 100 ridership so far...
2024-06-26 11:29:02,120 - INFO - Fetched 150 ridership so far...
2024-06-26 11:29:03,689 - INFO - Fetched 200 ridership so far...
2024-06-26 11:29:05,407 - INFO - Fetched 250 ridership so far...
2024-06-26 11:29:06,830 - INFO - Fetched 300 ridership so far...
2024-06-26 11:29:08,247 - INFO - Fetched 350 ridership so far...
2024-06-26 11:29:09,853 - INFO - Fetched 400 ridership so far...
2024-06-26 11:29:11,312 - INFO - Fetched 450 ridership so far...
2024-06-26 11:29:12,762 - INFO - Fetched 500 ridership so far...
2024-06-26 11:29:14,186 - INFO - Fetched 550 ridership so far...
2024-06-26 11:29:15,673 - INFO - Fetched 600 ridership so far...
2024-06-26 11:29:17,088 - INFO - Fetched 650 ridership so far...
2024-06-26 11:29:18,499 - INFO - Fetched 700 ridership so far...
2024-06-26 11:29:20,060 - INFO - Fetched 750 ridership so far...
2024-06-26 11:29:21,761 - INFO - Fetched 800 ridership so far...
2024-06-26 11:29:23,145 - INFO - Fetched 850 ridership so far...
2024-06-26 11:29:24,551 - INFO - Fetched 900 ridership so far...
2024-06-26 11:29:26,047 - INFO - Fetched 950 ridership so far...
2024-06-26 11:29:27,502 - INFO - Fetched 1000 ridership so far...
2024-06-26 11:29:28,912 - INFO - Fetched 1050 ridership so far...
2024-06-26 11:29:30,317 - INFO - Fetched 1100 ridership so far...
2024-06-26 11:29:31,737 - INFO - Fetched 1150 ridership so far...
2024-06-26 11:29:33,197 - INFO - Fetched 1200 ridership so far...
2024-06-26 11:29:34,773 - INFO - Fetched 1250 ridership so far...
2024-06-26 11:29:36,178 - INFO - Fetched 1300 ridership so far...
2024-06-26 11:29:37,635 - INFO - Fetched 1350 ridership so far...
2024-06-26 11:29:39,444 - INFO - Fetched 1400 ridership so far...
2024-06-26 11:29:40,852 - INFO - Fetched 1450 ridership so far...
2024-06-26 11:29:42,386 - INFO - Fetched 1500 ridership so far...
2024-06-26 11:29:43,812 - INFO - Fetched 1550 ridership so far...
2024-06-26 11:29:45,203 - INFO - Fetched 1600 ridership so far...
2024-06-26 11:29:46,591 - INFO - Fetched 1650 ridership so far...
2024-06-26 11:29:48,008 - INFO - Fetched 1700 ridership so far...
2024-06-26 11:29:49,445 - INFO - Fetched 1750 ridership so far...
2024-06-26 11:29:50,881 - INFO - Fetched 1800 ridership so far...
2024-06-26 11:29:52,208 - INFO - Fetched 1850 ridership so far...
2024-06-26 11:29:53,611 - INFO - Fetched 1900 ridership so far...
2024-06-26 11:29:54,987 - INFO - Fetched 1950 ridership so far...
2024-06-26 11:29:56,342 - INFO - Fetched 2000 ridership so far...
2024-06-26 11:29:57,733 - INFO - Fetched 2050 ridership so far...
2024-06-26 11:29:59,097 - INFO - Fetched 2100 ridership so far...
2024-06-26 11:30:00,560 - INFO - Fetched 2150 ridership so far...
2024-06-26 11:30:02,243 - INFO - Fetched 2200 ridership so far...
2024-06-26 11:30:03,641 - INFO - Fetched 2250 ridership so far...
2024-06-26 11:30:05,285 - INFO - Fetched 2300 ridership so far...
2024-06-26 11:30:06,711 - INFO - Fetched 2350 ridership so far...
2024-06-26 11:30:08,145 - INFO - Fetched 2400 ridership so far...
2024-06-26 11:30:09,611 - INFO - Fetched 2450 ridership so far...
2024-06-26 11:30:11,149 - INFO - Fetched 2500 ridership so far...
2024-06-26 11:30:12,601 - INFO - Fetched 2550 ridership so far...
2024-06-26 11:30:13,987 - INFO - Fetched 2600 ridership so far...
2024-06-26 11:30:15,380 - INFO - Fetched 2650 ridership so far...
2024-06-26 11:30:16,778 - INFO - Fetched 2700 ridership so far...
2024-06-26 11:30:18,301 - INFO - Fetched 2750 ridership so far...
2024-06-26 11:30:19,981 - INFO - Fetched 2800 ridership so far...
2024-06-26 11:30:21,467 - INFO - Fetched 2850 ridership so far...
2024-06-26 11:30:23,013 - INFO - Fetched 2900 ridership so far...
2024-06-26 11:30:24,563 - INFO - Fetched 2950 ridership so far...
2024-06-26 11:30:26,092 - INFO - Fetched 3000 ridership so far...
2024-06-26 11:30:27,533 - INFO - Fetched 3050 ridership so far...
2024-06-26 11:30:29,023 - INFO - Fetched 3100 ridership so far...
2024-06-26 11:30:30,468 - INFO - Fetched 3150 ridership so far...
2024-06-26 11:30:31,852 - INFO - Fetched 3200 ridership so far...
2024-06-26 11:30:33,251 - INFO - Fetched 3250 ridership so far...
2024-06-26 11:30:34,763 - INFO - Fetched 3300 ridership so far...
2024-06-26 11:30:36,267 - INFO - Fetched 3350 ridership so far...
2024-06-26 11:30:37,730 - INFO - Fetched 3400 ridership so far...
2024-06-26 11:30:39,141 - INFO - Fetched 3450 ridership so far...
2024-06-26 11:30:40,548 - INFO - Fetched 3500 ridership so far...
2024-06-26 11:30:41,951 - INFO - Fetched 3550 ridership so far...
2024-06-26 11:30:43,380 - INFO - Fetched 3600 ridership so far...
2024-06-26 11:30:44,920 - INFO - Fetched 3650 ridership so far...
2024-06-26 11:30:46,317 - INFO - Fetched 3700 ridership so far...
2024-06-26 11:30:47,996 - INFO - Fetched 3750 ridership so far...
2024-06-26 11:30:49,498 - INFO - Fetched 3800 ridership so far...
2024-06-26 11:30:50,947 - INFO - Fetched 3850 ridership so far...
2024-06-26 11:30:52,375 - INFO - Fetched 3900 ridership so far...
2024-06-26 11:30:53,801 - INFO - Fetched 3950 ridership so far...
2024-06-26 11:30:55,340 - INFO - Fetched 4000 ridership so far...
2024-06-26 11:30:56,951 - INFO - Fetched 4050 ridership so far...
2024-06-26 11:30:58,461 - INFO - Fetched 4100 ridership so far...
2024-06-26 11:30:59,892 - INFO - Fetched 4150 ridership so far...
2024-06-26 11:31:01,344 - INFO - Fetched 4200 ridership so far...
2024-06-26 11:31:02,730 - INFO - Fetched 4250 ridership so far...
2024-06-26 11:31:04,210 - INFO - Fetched 4300 ridership so far...
2024-06-26 11:31:05,665 - INFO - Fetched 4350 ridership so far...
2024-06-26 11:31:07,124 - INFO - Fetched 4400 ridership so far...
2024-06-26 11:31:08,511 - INFO - Fetched 4450 ridership so far...
2024-06-26 11:31:09,937 - INFO - Fetched 4500 ridership so far...
2024-06-26 11:31:11,359 - INFO - Fetched 4550 ridership so far...
2024-06-26 11:31:12,981 - INFO - Fetched 4600 ridership so far...
2024-06-26 11:31:14,476 - INFO - Fetched 4650 ridership so far...
2024-06-26 11:31:15,929 - INFO - Fetched 4700 ridership so far...
2024-06-26 11:31:17,438 - INFO - Fetched 4750 ridership so far...
2024-06-26 11:31:18,896 - INFO - Fetched 4800 ridership so far...
2024-06-26 11:31:20,331 - INFO - Fetched 4850 ridership so far...
2024-06-26 11:31:21,887 - INFO - Fetched 4900 ridership so far...
2024-06-26 11:31:23,309 - INFO - Fetched 4950 ridership so far...
2024-06-26 11:31:24,876 - INFO - Fetched 5000 ridership so far...
2024-06-26 11:31:26,426 - INFO - Fetched 5050 ridership so far...
2024-06-26 11:31:27,886 - INFO - Fetched 5100 ridership so far...
2024-06-26 11:31:29,871 - INFO - Fetched 5150 ridership so far...
2024-06-26 11:31:31,335 - INFO - Fetched 5200 ridership so far...
2024-06-26 11:31:32,736 - INFO - Fetched 5250 ridership so far...
2024-06-26 11:31:34,277 - INFO - Fetched 5300 ridership so far...
2024-06-26 11:31:35,733 - INFO - Fetched 5350 ridership so far...
2024-06-26 11:31:37,140 - INFO - Fetched 5400 ridership so far...
2024-06-26 11:31:38,560 - INFO - Fetched 5450 ridership so far...
2024-06-26 11:31:39,989 - INFO - Fetched 5500 ridership so far...
2024-06-26 11:31:41,369 - INFO - Fetched 5550 ridership so far...
2024-06-26 11:31:42,835 - INFO - Fetched 5600 ridership so far...
2024-06-26 11:31:44,380 - INFO - Fetched 5650 ridership so far...
2024-06-26 11:31:45,962 - INFO - Fetched 5700 ridership so far...
2024-06-26 11:31:47,527 - INFO - Fetched 5750 ridership so far...
2024-06-26 11:31:49,064 - INFO - Fetched 5800 ridership so far...
2024-06-26 11:31:50,480 - INFO - Fetched 5850 ridership so far...
2024-06-26 11:31:51,959 - INFO - Fetched 5900 ridership so far...
2024-06-26 11:31:53,410 - INFO - Fetched 5950 ridership so far...
2024-06-26 11:31:55,047 - INFO - Fetched 6000 ridership so far...
2024-06-26 11:31:56,513 - INFO - Fetched 6050 ridership so far...
2024-06-26 11:31:57,979 - INFO - Fetched 6100 ridership so far...
2024-06-26 11:31:59,367 - INFO - Fetched 6150 ridership so far...
2024-06-26 11:32:00,924 - INFO - Fetched 6200 ridership so far...
2024-06-26 11:32:02,348 - INFO - Fetched 6250 ridership so far...
2024-06-26 11:32:03,879 - INFO - Fetched 6300 ridership so far...
2024-06-26 11:32:05,323 - INFO - Fetched 6350 ridership so far...
2024-06-26 11:32:06,757 - INFO - Fetched 6400 ridership so far...
2024-06-26 11:32:08,171 - INFO - Fetched 6450 ridership so far...
2024-06-26 11:32:09,589 - INFO - Fetched 6500 ridership so far...
2024-06-26 11:32:11,011 - INFO - Fetched 6550 ridership so far...
2024-06-26 11:32:12,634 - INFO - Fetched 6600 ridership so far...
2024-06-26 11:32:14,175 - INFO - Fetched 6650 ridership so far...
2024-06-26 11:32:15,582 - INFO - Fetched 6700 ridership so far...
2024-06-26 11:32:16,945 - INFO - Fetched 6750 ridership so far...
2024-06-26 11:32:18,516 - INFO - Fetched 6800 ridership so far...
2024-06-26 11:32:20,304 - INFO - Fetched 6850 ridership so far...
2024-06-26 11:32:21,736 - INFO - Fetched 6900 ridership so far...
2024-06-26 11:32:23,249 - INFO - Fetched 6950 ridership so far...
2024-06-26 11:32:24,745 - INFO - Fetched 7000 ridership so far...
2024-06-26 11:32:26,206 - INFO - Fetched 7050 ridership so far...
2024-06-26 11:32:27,722 - INFO - Fetched 7100 ridership so far...
2024-06-26 11:32:29,257 - INFO - Fetched 7150 ridership so far...
2024-06-26 11:32:30,727 - INFO - Fetched 7200 ridership so far...
2024-06-26 11:32:32,160 - INFO - Fetched 7250 ridership so far...
2024-06-26 11:32:33,647 - INFO - Fetched 7300 ridership so far...
2024-06-26 11:32:35,065 - INFO - Fetched 7350 ridership so far...
2024-06-26 11:32:36,520 - INFO - Fetched 7400 ridership so far...
2024-06-26 11:32:38,020 - INFO - Fetched 7450 ridership so far...
2024-06-26 11:32:39,500 - INFO - Fetched 7500 ridership so far...
2024-06-26 11:32:40,883 - INFO - Fetched 7550 ridership so far...
2024-06-26 11:32:42,281 - INFO - Fetched 7600 ridership so far...
2024-06-26 11:32:43,672 - INFO - Fetched 7650 ridership so far...
2024-06-26 11:32:45,061 - INFO - Fetched 7700 ridership so far...
2024-06-26 11:32:46,527 - INFO - Fetched 7750 ridership so far...
2024-06-26 11:32:48,039 - INFO - Fetched 7800 ridership so far...
2024-06-26 11:32:49,576 - INFO - Fetched 7850 ridership so far...
2024-06-26 11:32:51,079 - INFO - Fetched 7900 ridership so far...
2024-06-26 11:32:52,472 - INFO - Fetched 7950 ridership so far...
2024-06-26 11:32:53,914 - INFO - Fetched 8000 ridership so far...
2024-06-26 11:32:55,356 - INFO - Fetched 8050 ridership so far...
2024-06-26 11:32:56,757 - INFO - Fetched 8100 ridership so far...
2024-06-26 11:32:58,231 - INFO - Fetched 8150 ridership so far...
2024-06-26 11:32:59,634 - INFO - Fetched 8200 ridership so far...
2024-06-26 11:33:01,085 - INFO - Fetched 8250 ridership so far...
2024-06-26 11:33:02,515 - INFO - Fetched 8300 ridership so far...
2024-06-26 11:33:04,029 - INFO - Fetched 8350 ridership so far...
2024-06-26 11:33:05,405 - INFO - Fetched 8400 ridership so far...
2024-06-26 11:33:06,879 - INFO - Fetched 8450 ridership so far...
2024-06-26 11:33:08,363 - INFO - Fetched 8500 ridership so far...
2024-06-26 11:33:09,840 - INFO - Fetched 8550 ridership so far...
2024-06-26 11:33:11,347 - INFO - Fetched 8600 ridership so far...
2024-06-26 11:33:12,807 - INFO - Fetched 8650 ridership so far...
2024-06-26 11:33:14,228 - INFO - Fetched 8700 ridership so far...
2024-06-26 11:33:15,720 - INFO - Fetched 8750 ridership so far...
2024-06-26 11:33:17,207 - INFO - Fetched 8800 ridership so far...
2024-06-26 11:33:18,838 - INFO - Fetched 8850 ridership so far...
2024-06-26 11:33:20,310 - INFO - Fetched 8900 ridership so far...
2024-06-26 11:33:21,728 - INFO - Fetched 8950 ridership so far...
2024-06-26 11:33:23,490 - INFO - Fetched 9000 ridership so far...
2024-06-26 11:33:24,947 - INFO - Fetched 9050 ridership so far...
2024-06-26 11:33:26,721 - INFO - Fetched 9100 ridership so far...
2024-06-26 11:33:28,166 - INFO - Fetched 9150 ridership so far...
2024-06-26 11:33:29,636 - INFO - Fetched 9200 ridership so far...
2024-06-26 11:33:31,116 - INFO - Fetched 9250 ridership so far...
2024-06-26 11:33:32,624 - INFO - Fetched 9300 ridership so far...
2024-06-26 11:33:34,183 - INFO - Fetched 9350 ridership so far...
2024-06-26 11:33:35,712 - INFO - Fetched 9400 ridership so far...
2024-06-26 11:33:37,222 - INFO - Fetched 9450 ridership so far...
2024-06-26 11:33:38,669 - INFO - Fetched 9500 ridership so far...
2024-06-26 11:33:40,104 - INFO - Fetched 9550 ridership so far...
2024-06-26 11:33:41,833 - INFO - Fetched 9600 ridership so far...
2024-06-26 11:33:43,299 - INFO - Fetched 9650 ridership so far...
2024-06-26 11:33:44,784 - INFO - Fetched 9700 ridership so far...
2024-06-26 11:33:46,210 - INFO - Fetched 9750 ridership so far...
2024-06-26 11:33:47,660 - INFO - Fetched 9800 ridership so far...
2024-06-26 11:33:49,124 - INFO - Fetched 9850 ridership so far...
2024-06-26 11:33:50,676 - INFO - Fetched 9900 ridership so far...
2024-06-26 11:33:52,172 - INFO - Fetched 9950 ridership so far...
2024-06-26 11:33:53,598 - INFO - Fetched 10000 ridership so far...
2024-06-26 11:33:55,029 - INFO - Fetched 10050 ridership so far...
2024-06-26 11:33:56,577 - INFO - Fetched 10100 ridership so far...
2024-06-26 11:33:58,067 - INFO - Fetched 10150 ridership so far...
2024-06-26 11:33:59,499 - INFO - Fetched 10200 ridership so far...
2024-06-26 11:34:00,990 - INFO - Fetched 10250 ridership so far...
2024-06-26 11:34:02,471 - INFO - Fetched 10300 ridership so far...
2024-06-26 11:34:03,857 - INFO - Fetched 10350 ridership so far...
2024-06-26 11:34:05,247 - INFO - Fetched 10400 ridership so far...
2024-06-26 11:34:06,679 - INFO - Fetched 10450 ridership so far...
2024-06-26 11:34:08,161 - INFO - Fetched 10500 ridership so far...
2024-06-26 11:34:09,584 - INFO - Fetched 10550 ridership so far...
2024-06-26 11:34:10,987 - INFO - Fetched 10557 ridership so far...
2024-06-26 11:34:10,988 - INFO - Fetched 10557 ridership.
2024-06-26 11:34:11,196 - INFO - Fetched 50 duty so far...
2024-06-26 11:34:11,410 - INFO - Fetched 100 duty so far...
2024-06-26 11:34:11,614 - INFO - Fetched 150 duty so far...
2024-06-26 11:34:11,809 - INFO - Fetched 200 duty so far...
2024-06-26 11:34:12,017 - INFO - Fetched 250 duty so far...
2024-06-26 11:34:12,212 - INFO - Fetched 300 duty so far...
2024-06-26 11:34:12,418 - INFO - Fetched 350 duty so far...
2024-06-26 11:34:12,608 - INFO - Fetched 400 duty so far...
2024-06-26 11:34:12,821 - INFO - Fetched 450 duty so far...
2024-06-26 11:34:13,028 - INFO - Fetched 500 duty so far...
2024-06-26 11:34:13,208 - INFO - Fetched 550 duty so far...
2024-06-26 11:34:13,390 - INFO - Fetched 600 duty so far...
2024-06-26 11:34:13,592 - INFO - Fetched 650 duty so far...
2024-06-26 11:34:13,787 - INFO - Fetched 700 duty so far...
2024-06-26 11:34:13,988 - INFO - Fetched 750 duty so far...
2024-06-26 11:34:14,172 - INFO - Fetched 782 duty so far...
2024-06-26 11:34:14,172 - INFO - Fetched 782 duty.
2024-06-26 11:37:09,277 - INFO - Fetched 50 ridership so far...
2024-06-26 11:37:10,772 - INFO - Fetched 100 ridership so far...
2024-06-26 11:37:12,219 - INFO - Fetched 150 ridership so far...
2024-06-26 11:37:13,768 - INFO - Fetched 200 ridership so far...
2024-06-26 11:37:15,223 - INFO - Fetched 250 ridership so far...
2024-06-26 11:37:16,618 - INFO - Fetched 300 ridership so far...
2024-06-26 11:37:18,119 - INFO - Fetched 350 ridership so far...
2024-06-26 11:37:19,497 - INFO - Fetched 400 ridership so far...
2024-06-26 11:37:21,164 - INFO - Fetched 450 ridership so far...
2024-06-26 11:37:22,688 - INFO - Fetched 500 ridership so far...
2024-06-26 11:37:24,121 - INFO - Fetched 550 ridership so far...
2024-06-26 11:37:25,572 - INFO - Fetched 600 ridership so far...
2024-06-26 11:37:27,164 - INFO - Fetched 650 ridership so far...
2024-06-26 11:37:28,600 - INFO - Fetched 700 ridership so far...
2024-06-26 11:37:30,064 - INFO - Fetched 750 ridership so far...
2024-06-26 11:37:31,555 - INFO - Fetched 800 ridership so far...
2024-06-26 11:37:33,058 - INFO - Fetched 850 ridership so far...
2024-06-26 11:37:34,438 - INFO - Fetched 900 ridership so far...
2024-06-26 11:37:35,809 - INFO - Fetched 950 ridership so far...
2024-06-26 11:37:37,194 - INFO - Fetched 1000 ridership so far...
2024-06-26 11:37:38,710 - INFO - Fetched 1050 ridership so far...
2024-06-26 11:37:40,220 - INFO - Fetched 1100 ridership so far...
2024-06-26 11:37:41,776 - INFO - Fetched 1150 ridership so far...
2024-06-26 11:37:43,264 - INFO - Fetched 1200 ridership so far...
2024-06-26 11:37:44,674 - INFO - Fetched 1250 ridership so far...
2024-06-26 11:37:46,049 - INFO - Fetched 1300 ridership so far...
2024-06-26 11:37:47,537 - INFO - Fetched 1350 ridership so far...
2024-06-26 11:37:48,982 - INFO - Fetched 1400 ridership so far...
2024-06-26 11:37:50,415 - INFO - Fetched 1450 ridership so far...
2024-06-26 11:37:51,821 - INFO - Fetched 1500 ridership so far...
2024-06-26 11:37:53,340 - INFO - Fetched 1550 ridership so far...
2024-06-26 11:37:54,736 - INFO - Fetched 1600 ridership so far...
2024-06-26 11:37:56,137 - INFO - Fetched 1650 ridership so far...
2024-06-26 11:37:57,612 - INFO - Fetched 1700 ridership so far...
2024-06-26 11:37:59,019 - INFO - Fetched 1750 ridership so far...
2024-06-26 11:38:00,551 - INFO - Fetched 1800 ridership so far...
2024-06-26 11:38:02,027 - INFO - Fetched 1850 ridership so far...
2024-06-26 11:38:03,427 - INFO - Fetched 1900 ridership so far...
2024-06-26 11:38:04,851 - INFO - Fetched 1950 ridership so far...
2024-06-26 11:38:06,265 - INFO - Fetched 2000 ridership so far...
2024-06-26 11:38:07,736 - INFO - Fetched 2050 ridership so far...
2024-06-26 11:38:09,211 - INFO - Fetched 2100 ridership so far...
2024-06-26 11:38:10,610 - INFO - Fetched 2150 ridership so far...
2024-06-26 11:38:12,107 - INFO - Fetched 2200 ridership so far...
2024-06-26 11:38:13,672 - INFO - Fetched 2250 ridership so far...
2024-06-26 11:38:15,226 - INFO - Fetched 2300 ridership so far...
2024-06-26 11:38:16,664 - INFO - Fetched 2350 ridership so far...
2024-06-26 11:38:18,071 - INFO - Fetched 2400 ridership so far...
2024-06-26 11:38:19,490 - INFO - Fetched 2450 ridership so far...
2024-06-26 11:38:21,090 - INFO - Fetched 2500 ridership so far...
2024-06-26 11:38:22,704 - INFO - Fetched 2550 ridership so far...
2024-06-26 11:38:24,211 - INFO - Fetched 2600 ridership so far...
2024-06-26 11:38:25,614 - INFO - Fetched 2650 ridership so far...
2024-06-26 11:38:27,029 - INFO - Fetched 2700 ridership so far...
2024-06-26 11:38:28,450 - INFO - Fetched 2750 ridership so far...
2024-06-26 11:38:29,854 - INFO - Fetched 2800 ridership so far...
2024-06-26 11:38:31,342 - INFO - Fetched 2850 ridership so far...
2024-06-26 11:38:32,796 - INFO - Fetched 2900 ridership so far...
2024-06-26 11:38:34,248 - INFO - Fetched 2950 ridership so far...
2024-06-26 11:38:35,696 - INFO - Fetched 3000 ridership so far...
2024-06-26 11:38:37,195 - INFO - Fetched 3050 ridership so far...
2024-06-26 11:38:38,701 - INFO - Fetched 3100 ridership so far...
2024-06-26 11:38:40,121 - INFO - Fetched 3150 ridership so far...
2024-06-26 11:38:41,520 - INFO - Fetched 3200 ridership so far...
2024-06-26 11:38:42,942 - INFO - Fetched 3250 ridership so far...
2024-06-26 11:38:44,365 - INFO - Fetched 3300 ridership so far...
2024-06-26 11:38:45,730 - INFO - Fetched 3350 ridership so far...
2024-06-26 11:38:47,297 - INFO - Fetched 3400 ridership so far...
2024-06-26 11:38:48,724 - INFO - Fetched 3450 ridership so far...
2024-06-26 11:38:50,128 - INFO - Fetched 3500 ridership so far...
2024-06-26 11:38:51,592 - INFO - Fetched 3550 ridership so far...
2024-06-26 11:38:53,045 - INFO - Fetched 3600 ridership so far...
2024-06-26 11:38:54,425 - INFO - Fetched 3650 ridership so far...
2024-06-26 11:38:55,853 - INFO - Fetched 3700 ridership so far...
2024-06-26 11:38:57,321 - INFO - Fetched 3750 ridership so far...
2024-06-26 11:38:58,764 - INFO - Fetched 3800 ridership so far...
2024-06-26 11:39:00,202 - INFO - Fetched 3850 ridership so far...
2024-06-26 11:39:01,732 - INFO - Fetched 3900 ridership so far...
2024-06-26 11:39:03,132 - INFO - Fetched 3950 ridership so far...
2024-06-26 11:39:04,578 - INFO - Fetched 4000 ridership so far...
2024-06-26 11:39:06,055 - INFO - Fetched 4050 ridership so far...
2024-06-26 11:39:07,541 - INFO - Fetched 4100 ridership so far...
2024-06-26 11:39:09,070 - INFO - Fetched 4150 ridership so far...
2024-06-26 11:39:10,565 - INFO - Fetched 4200 ridership so far...
2024-06-26 11:39:12,010 - INFO - Fetched 4250 ridership so far...
2024-06-26 11:39:13,425 - INFO - Fetched 4300 ridership so far...
2024-06-26 11:39:14,809 - INFO - Fetched 4350 ridership so far...
2024-06-26 11:39:16,207 - INFO - Fetched 4400 ridership so far...
2024-06-26 11:39:17,743 - INFO - Fetched 4450 ridership so far...
2024-06-26 11:39:19,246 - INFO - Fetched 4500 ridership so far...
2024-06-26 11:39:20,735 - INFO - Fetched 4550 ridership so far...
2024-06-26 11:39:22,318 - INFO - Fetched 4600 ridership so far...
2024-06-26 11:39:23,734 - INFO - Fetched 4650 ridership so far...
2024-06-26 11:39:25,394 - INFO - Fetched 4700 ridership so far...
2024-06-26 11:39:26,927 - INFO - Fetched 4750 ridership so far...
2024-06-26 11:39:28,353 - INFO - Fetched 4800 ridership so far...
2024-06-26 11:39:30,033 - INFO - Fetched 4850 ridership so far...
2024-06-26 11:39:31,437 - INFO - Fetched 4900 ridership so far...
2024-06-26 11:39:33,016 - INFO - Fetched 4950 ridership so far...
2024-06-26 11:39:34,475 - INFO - Fetched 5000 ridership so far...
2024-06-26 11:39:35,949 - INFO - Fetched 5050 ridership so far...
2024-06-26 11:39:37,369 - INFO - Fetched 5100 ridership so far...
2024-06-26 11:39:38,813 - INFO - Fetched 5150 ridership so far...
2024-06-26 11:39:40,351 - INFO - Fetched 5200 ridership so far...
2024-06-26 11:39:41,814 - INFO - Fetched 5250 ridership so far...
2024-06-26 11:39:43,408 - INFO - Fetched 5300 ridership so far...
2024-06-26 11:39:44,820 - INFO - Fetched 5350 ridership so far...
2024-06-26 11:39:46,320 - INFO - Fetched 5400 ridership so far...
2024-06-26 11:39:47,904 - INFO - Fetched 5450 ridership so far...
2024-06-26 11:39:49,367 - INFO - Fetched 5500 ridership so far...
2024-06-26 11:39:50,853 - INFO - Fetched 5550 ridership so far...
2024-06-26 11:39:52,279 - INFO - Fetched 5600 ridership so far...
2024-06-26 11:39:53,809 - INFO - Fetched 5650 ridership so far...
2024-06-26 11:39:55,305 - INFO - Fetched 5700 ridership so far...
2024-06-26 11:39:56,798 - INFO - Fetched 5750 ridership so far...
2024-06-26 11:39:58,302 - INFO - Fetched 5800 ridership so far...
2024-06-26 11:39:59,910 - INFO - Fetched 5850 ridership so far...
2024-06-26 11:40:01,395 - INFO - Fetched 5900 ridership so far...
2024-06-26 11:40:02,954 - INFO - Fetched 5950 ridership so far...
2024-06-26 11:40:04,658 - INFO - Fetched 6000 ridership so far...
2024-06-26 11:40:06,109 - INFO - Fetched 6050 ridership so far...
2024-06-26 11:40:07,596 - INFO - Fetched 6100 ridership so far...
2024-06-26 11:40:09,044 - INFO - Fetched 6150 ridership so far...
2024-06-26 11:40:10,470 - INFO - Fetched 6200 ridership so far...
2024-06-26 11:40:11,857 - INFO - Fetched 6250 ridership so far...
2024-06-26 11:40:13,249 - INFO - Fetched 6300 ridership so far...
2024-06-26 11:40:14,790 - INFO - Fetched 6350 ridership so far...
2024-06-26 11:40:16,306 - INFO - Fetched 6400 ridership so far...
2024-06-26 11:40:17,740 - INFO - Fetched 6450 ridership so far...
2024-06-26 11:40:19,134 - INFO - Fetched 6500 ridership so far...
2024-06-26 11:40:20,531 - INFO - Fetched 6550 ridership so far...
2024-06-26 11:40:21,939 - INFO - Fetched 6600 ridership so far...
2024-06-26 11:40:23,333 - INFO - Fetched 6650 ridership so far...
2024-06-26 11:40:24,810 - INFO - Fetched 6700 ridership so far...
2024-06-26 11:40:26,243 - INFO - Fetched 6750 ridership so far...
2024-06-26 11:40:27,671 - INFO - Fetched 6800 ridership so far...
2024-06-26 11:40:29,204 - INFO - Fetched 6850 ridership so far...
2024-06-26 11:40:30,701 - INFO - Fetched 6900 ridership so far...
2024-06-26 11:40:32,240 - INFO - Fetched 6950 ridership so far...
2024-06-26 11:40:33,772 - INFO - Fetched 7000 ridership so far...
2024-06-26 11:40:35,231 - INFO - Fetched 7050 ridership so far...
2024-06-26 11:40:36,711 - INFO - Fetched 7100 ridership so far...
2024-06-26 11:40:38,135 - INFO - Fetched 7150 ridership so far...
2024-06-26 11:40:39,648 - INFO - Fetched 7200 ridership so far...
2024-06-26 11:40:41,067 - INFO - Fetched 7250 ridership so far...
2024-06-26 11:40:42,570 - INFO - Fetched 7300 ridership so far...
2024-06-26 11:40:43,992 - INFO - Fetched 7350 ridership so far...
2024-06-26 11:40:45,409 - INFO - Fetched 7400 ridership so far...
2024-06-26 11:40:46,804 - INFO - Fetched 7450 ridership so far...
2024-06-26 11:40:48,202 - INFO - Fetched 7500 ridership so far...
2024-06-26 11:40:49,657 - INFO - Fetched 7550 ridership so far...
2024-06-26 11:40:51,119 - INFO - Fetched 7600 ridership so far...
2024-06-26 11:40:52,699 - INFO - Fetched 7650 ridership so far...
2024-06-26 11:40:54,414 - INFO - Fetched 7700 ridership so far...
2024-06-26 11:40:55,935 - INFO - Fetched 7750 ridership so far...
2024-06-26 11:40:57,345 - INFO - Fetched 7800 ridership so far...
2024-06-26 11:40:58,765 - INFO - Fetched 7850 ridership so far...
2024-06-26 11:41:00,221 - INFO - Fetched 7900 ridership so far...
2024-06-26 11:41:01,643 - INFO - Fetched 7950 ridership so far...
2024-06-26 11:41:03,116 - INFO - Fetched 8000 ridership so far...
2024-06-26 11:41:04,542 - INFO - Fetched 8050 ridership so far...
2024-06-26 11:41:05,983 - INFO - Fetched 8100 ridership so far...
2024-06-26 11:41:07,532 - INFO - Fetched 8150 ridership so far...
2024-06-26 11:41:08,962 - INFO - Fetched 8200 ridership so far...
2024-06-26 11:41:10,413 - INFO - Fetched 8250 ridership so far...
2024-06-26 11:41:11,932 - INFO - Fetched 8300 ridership so far...
2024-06-26 11:41:13,431 - INFO - Fetched 8350 ridership so far...
2024-06-26 11:41:15,164 - INFO - Fetched 8400 ridership so far...
2024-06-26 11:41:16,566 - INFO - Fetched 8450 ridership so far...
2024-06-26 11:41:18,013 - INFO - Fetched 8500 ridership so far...
2024-06-26 11:41:19,521 - INFO - Fetched 8550 ridership so far...
2024-06-26 11:41:20,969 - INFO - Fetched 8600 ridership so far...
2024-06-26 11:41:22,531 - INFO - Fetched 8650 ridership so far...
2024-06-26 11:41:23,980 - INFO - Fetched 8700 ridership so far...
2024-06-26 11:41:25,368 - INFO - Fetched 8750 ridership so far...
2024-06-26 11:41:26,803 - INFO - Fetched 8800 ridership so far...
2024-06-26 11:41:28,361 - INFO - Fetched 8850 ridership so far...
2024-06-26 11:41:29,819 - INFO - Fetched 8900 ridership so far...
2024-06-26 11:41:31,275 - INFO - Fetched 8950 ridership so far...
2024-06-26 11:41:32,758 - INFO - Fetched 9000 ridership so far...
2024-06-26 11:41:34,193 - INFO - Fetched 9050 ridership so far...
2024-06-26 11:41:35,641 - INFO - Fetched 9100 ridership so far...
2024-06-26 11:41:37,054 - INFO - Fetched 9150 ridership so far...
2024-06-26 11:41:38,456 - INFO - Fetched 9200 ridership so far...
2024-06-26 11:41:39,838 - INFO - Fetched 9250 ridership so far...
2024-06-26 11:41:41,386 - INFO - Fetched 9300 ridership so far...
2024-06-26 11:41:42,917 - INFO - Fetched 9350 ridership so far...
2024-06-26 11:41:44,287 - INFO - Fetched 9400 ridership so far...
2024-06-26 11:41:45,758 - INFO - Fetched 9450 ridership so far...
2024-06-26 11:41:47,519 - INFO - Fetched 9500 ridership so far...
2024-06-26 11:41:48,904 - INFO - Fetched 9550 ridership so far...
2024-06-26 11:41:50,371 - INFO - Fetched 9600 ridership so far...
2024-06-26 11:41:51,948 - INFO - Fetched 9650 ridership so far...
2024-06-26 11:41:53,520 - INFO - Fetched 9700 ridership so far...
2024-06-26 11:41:54,985 - INFO - Fetched 9750 ridership so far...
2024-06-26 11:41:56,386 - INFO - Fetched 9800 ridership so far...
2024-06-26 11:41:57,900 - INFO - Fetched 9850 ridership so far...
2024-06-26 11:41:59,347 - INFO - Fetched 9900 ridership so far...
2024-06-26 11:42:00,761 - INFO - Fetched 9950 ridership so far...
2024-06-26 11:42:02,307 - INFO - Fetched 10000 ridership so far...
2024-06-26 11:42:03,907 - INFO - Fetched 10050 ridership so far...
2024-06-26 11:42:05,381 - INFO - Fetched 10100 ridership so far...
2024-06-26 11:42:06,850 - INFO - Fetched 10150 ridership so far...
2024-06-26 11:42:08,249 - INFO - Fetched 10200 ridership so far...
2024-06-26 11:42:09,703 - INFO - Fetched 10250 ridership so far...
2024-06-26 11:42:11,173 - INFO - Fetched 10300 ridership so far...
2024-06-26 11:42:12,680 - INFO - Fetched 10350 ridership so far...
2024-06-26 11:42:14,238 - INFO - Fetched 10400 ridership so far...
2024-06-26 11:42:15,718 - INFO - Fetched 10450 ridership so far...
2024-06-26 11:42:17,278 - INFO - Fetched 10500 ridership so far...
2024-06-26 11:42:18,895 - INFO - Fetched 10550 ridership so far...
2024-06-26 11:42:20,281 - INFO - Fetched 10566 ridership so far...
2024-06-26 11:42:20,282 - INFO - Fetched 10566 ridership.
2024-06-26 11:42:20,494 - INFO - Fetched 50 duty so far...
2024-06-26 11:42:20,696 - INFO - Fetched 100 duty so far...
2024-06-26 11:42:20,908 - INFO - Fetched 150 duty so far...
2024-06-26 11:42:21,116 - INFO - Fetched 200 duty so far...
2024-06-26 11:42:21,331 - INFO - Fetched 250 duty so far...
2024-06-26 11:42:21,522 - INFO - Fetched 300 duty so far...
2024-06-26 11:42:21,721 - INFO - Fetched 350 duty so far...
2024-06-26 11:42:21,924 - INFO - Fetched 400 duty so far...
2024-06-26 11:42:22,132 - INFO - Fetched 450 duty so far...
2024-06-26 11:42:22,329 - INFO - Fetched 500 duty so far...
2024-06-26 11:42:22,531 - INFO - Fetched 550 duty so far...
2024-06-26 11:42:22,713 - INFO - Fetched 600 duty so far...
2024-06-26 11:42:22,908 - INFO - Fetched 650 duty so far...
2024-06-26 11:42:23,106 - INFO - Fetched 700 duty so far...
2024-06-26 11:42:23,308 - INFO - Fetched 750 duty so far...
2024-06-26 11:42:23,520 - INFO - Fetched 782 duty so far...
2024-06-26 11:42:23,521 - INFO - Fetched 782 duty.
2024-06-26 11:43:15,095 - WARNING - Not Found: /
2024-06-26 11:43:15,179 - WARNING - Not Found: /favicon.ico
2024-06-26 11:43:31,160 - WARNING - Not Found: /
2024-06-26 11:44:51,886 - INFO - Fetched 50 ridership so far...
2024-06-26 11:44:53,651 - INFO - Fetched 100 ridership so far...
2024-06-26 11:44:55,159 - INFO - Fetched 150 ridership so far...
2024-06-26 11:44:56,779 - INFO - Fetched 200 ridership so far...
2024-06-26 11:44:58,169 - INFO - Fetched 250 ridership so far...
2024-06-26 11:44:59,615 - INFO - Fetched 300 ridership so far...
2024-06-26 11:45:01,332 - INFO - Fetched 350 ridership so far...
2024-06-26 11:45:03,013 - INFO - Fetched 400 ridership so far...
2024-06-26 11:45:04,486 - INFO - Fetched 450 ridership so far...
2024-06-26 11:45:05,964 - INFO - Fetched 500 ridership so far...
2024-06-26 11:45:07,444 - INFO - Fetched 550 ridership so far...
2024-06-26 11:45:08,857 - INFO - Fetched 600 ridership so far...
2024-06-26 11:45:10,304 - INFO - Fetched 650 ridership so far...
2024-06-26 11:45:11,720 - INFO - Fetched 700 ridership so far...
2024-06-26 11:45:13,149 - INFO - Fetched 750 ridership so far...
2024-06-26 11:45:14,594 - INFO - Fetched 800 ridership so far...
2024-06-26 11:45:15,991 - INFO - Fetched 850 ridership so far...
2024-06-26 11:45:17,434 - INFO - Fetched 900 ridership so far...
2024-06-26 11:45:18,897 - INFO - Fetched 950 ridership so far...
2024-06-26 11:45:20,325 - INFO - Fetched 1000 ridership so far...
2024-06-26 11:45:21,836 - INFO - Fetched 1050 ridership so far...
2024-06-26 11:45:23,348 - INFO - Fetched 1100 ridership so far...
2024-06-26 11:45:24,845 - INFO - Fetched 1150 ridership so far...
2024-06-26 11:45:26,305 - INFO - Fetched 1200 ridership so far...
2024-06-26 11:45:27,787 - INFO - Fetched 1250 ridership so far...
2024-06-26 11:45:29,187 - INFO - Fetched 1300 ridership so far...
2024-06-26 11:45:30,632 - INFO - Fetched 1350 ridership so far...
2024-06-26 11:45:32,046 - INFO - Fetched 1400 ridership so far...
2024-06-26 11:45:33,636 - INFO - Fetched 1450 ridership so far...
2024-06-26 11:45:35,018 - INFO - Fetched 1500 ridership so far...
2024-06-26 11:45:36,533 - INFO - Fetched 1550 ridership so far...
2024-06-26 11:45:38,003 - INFO - Fetched 1600 ridership so far...
2024-06-26 11:45:39,393 - INFO - Fetched 1650 ridership so far...
2024-06-26 11:45:40,881 - INFO - Fetched 1700 ridership so far...
2024-06-26 11:45:42,421 - INFO - Fetched 1750 ridership so far...
2024-06-26 11:45:43,853 - INFO - Fetched 1800 ridership so far...
2024-06-26 11:45:45,237 - INFO - Fetched 1850 ridership so far...
2024-06-26 11:45:46,694 - INFO - Fetched 1900 ridership so far...
2024-06-26 11:45:48,120 - INFO - Fetched 1950 ridership so far...
2024-06-26 11:45:49,522 - INFO - Fetched 2000 ridership so far...
2024-06-26 11:45:50,951 - INFO - Fetched 2050 ridership so far...
2024-06-26 11:45:52,358 - INFO - Fetched 2100 ridership so far...
2024-06-26 11:45:53,801 - INFO - Fetched 2150 ridership so far...
2024-06-26 11:45:55,227 - INFO - Fetched 2200 ridership so far...
2024-06-26 11:45:56,704 - INFO - Fetched 2250 ridership so far...
2024-06-26 11:45:58,161 - INFO - Fetched 2300 ridership so far...
2024-06-26 11:45:59,785 - INFO - Fetched 2350 ridership so far...
2024-06-26 11:46:01,257 - INFO - Fetched 2400 ridership so far...
2024-06-26 11:46:02,762 - INFO - Fetched 2450 ridership so far...
2024-06-26 11:46:04,157 - INFO - Fetched 2500 ridership so far...
2024-06-26 11:46:05,626 - INFO - Fetched 2550 ridership so far...
2024-06-26 11:46:07,055 - INFO - Fetched 2600 ridership so far...
2024-06-26 11:46:08,413 - INFO - Fetched 2650 ridership so far...
2024-06-26 11:46:09,820 - INFO - Fetched 2700 ridership so far...
2024-06-26 11:46:11,255 - INFO - Fetched 2750 ridership so far...
2024-06-26 11:46:12,906 - INFO - Fetched 2800 ridership so far...
2024-06-26 11:46:14,330 - INFO - Fetched 2850 ridership so far...
2024-06-26 11:46:15,723 - INFO - Fetched 2900 ridership so far...
2024-06-26 11:46:17,171 - INFO - Fetched 2950 ridership so far...
2024-06-26 11:46:18,686 - INFO - Fetched 3000 ridership so far...
2024-06-26 11:46:20,132 - INFO - Fetched 3050 ridership so far...
2024-06-26 11:46:21,555 - INFO - Fetched 3100 ridership so far...
2024-06-26 11:46:23,063 - INFO - Fetched 3150 ridership so far...
2024-06-26 11:46:24,459 - INFO - Fetched 3200 ridership so far...
2024-06-26 11:46:25,853 - INFO - Fetched 3250 ridership so far...
2024-06-26 11:46:27,295 - INFO - Fetched 3300 ridership so far...
2024-06-26 11:46:28,677 - INFO - Fetched 3350 ridership so far...
2024-06-26 11:46:30,127 - INFO - Fetched 3400 ridership so far...
2024-06-26 11:46:31,681 - INFO - Fetched 3450 ridership so far...
2024-06-26 11:46:33,381 - INFO - Fetched 3500 ridership so far...
2024-06-26 11:46:34,989 - INFO - Fetched 3550 ridership so far...
2024-06-26 11:46:36,530 - INFO - Fetched 3600 ridership so far...
2024-06-26 11:46:38,027 - INFO - Fetched 3650 ridership so far...
2024-06-26 11:46:39,488 - INFO - Fetched 3700 ridership so far...
2024-06-26 11:46:40,992 - INFO - Fetched 3750 ridership so far...
2024-06-26 11:46:42,477 - INFO - Fetched 3800 ridership so far...
2024-06-26 11:46:43,916 - INFO - Fetched 3850 ridership so far...
2024-06-26 11:46:45,349 - INFO - Fetched 3900 ridership so far...
2024-06-26 11:46:46,839 - INFO - Fetched 3950 ridership so far...
2024-06-26 11:46:48,297 - INFO - Fetched 4000 ridership so far...
2024-06-26 11:46:49,776 - INFO - Fetched 4050 ridership so far...
2024-06-26 11:46:51,189 - INFO - Fetched 4100 ridership so far...
2024-06-26 11:46:52,672 - INFO - Fetched 4150 ridership so far...
2024-06-26 11:46:54,138 - INFO - Fetched 4200 ridership so far...
2024-06-26 11:46:55,557 - INFO - Fetched 4250 ridership so far...
2024-06-26 11:46:56,984 - INFO - Fetched 4300 ridership so far...
2024-06-26 11:46:58,426 - INFO - Fetched 4350 ridership so far...
2024-06-26 11:46:59,865 - INFO - Fetched 4400 ridership so far...
2024-06-26 11:47:01,494 - INFO - Fetched 4450 ridership so far...
2024-06-26 11:47:02,944 - INFO - Fetched 4500 ridership so far...
2024-06-26 11:47:04,403 - INFO - Fetched 4550 ridership so far...
2024-06-26 11:47:05,816 - INFO - Fetched 4600 ridership so far...
2024-06-26 11:47:07,412 - INFO - Fetched 4650 ridership so far...
2024-06-26 11:47:08,940 - INFO - Fetched 4700 ridership so far...
2024-06-26 11:47:10,597 - INFO - Fetched 4750 ridership so far...
2024-06-26 11:47:12,106 - INFO - Fetched 4800 ridership so far...
2024-06-26 11:47:13,742 - INFO - Fetched 4850 ridership so far...
2024-06-26 11:47:15,179 - INFO - Fetched 4900 ridership so far...
2024-06-26 11:47:16,673 - INFO - Fetched 4950 ridership so far...
2024-06-26 11:47:18,143 - INFO - Fetched 5000 ridership so far...
2024-06-26 11:47:19,728 - INFO - Fetched 5050 ridership so far...
2024-06-26 11:47:21,293 - INFO - Fetched 5100 ridership so far...
2024-06-26 11:47:22,664 - INFO - Fetched 5150 ridership so far...
2024-06-26 11:47:24,125 - INFO - Fetched 5200 ridership so far...
2024-06-26 11:47:25,511 - INFO - Fetched 5250 ridership so far...
2024-06-26 11:47:26,961 - INFO - Fetched 5300 ridership so far...
2024-06-26 11:47:28,397 - INFO - Fetched 5350 ridership so far...
2024-06-26 11:47:29,815 - INFO - Fetched 5400 ridership so far...
2024-06-26 11:48:32,079 - WARNING - Not Found: /
2024-06-26 11:49:12,021 - INFO - Fetched 50 ridership so far...
2024-06-26 11:49:13,578 - INFO - Fetched 100 ridership so far...
2024-06-26 11:49:14,964 - INFO - Fetched 150 ridership so far...
2024-06-26 11:49:16,440 - INFO - Fetched 200 ridership so far...
2024-06-26 11:49:18,057 - INFO - Fetched 250 ridership so far...
2024-06-26 11:49:19,556 - INFO - Fetched 300 ridership so far...
2024-06-26 11:49:21,255 - INFO - Fetched 350 ridership so far...
2024-06-26 11:49:22,977 - INFO - Fetched 400 ridership so far...
2024-06-26 11:49:24,702 - INFO - Fetched 450 ridership so far...
2024-06-26 11:49:26,168 - INFO - Fetched 500 ridership so far...
2024-06-26 11:49:27,557 - INFO - Fetched 550 ridership so far...
2024-06-26 11:49:28,963 - INFO - Fetched 600 ridership so far...
2024-06-26 11:49:30,429 - INFO - Fetched 650 ridership so far...
2024-06-26 11:49:31,840 - INFO - Fetched 700 ridership so far...
2024-06-26 11:49:33,358 - INFO - Fetched 750 ridership so far...
2024-06-26 11:49:34,784 - INFO - Fetched 800 ridership so far...
2024-06-26 11:49:36,215 - INFO - Fetched 850 ridership so far...
2024-06-26 11:49:37,769 - INFO - Fetched 900 ridership so far...
2024-06-26 11:49:39,164 - INFO - Fetched 950 ridership so far...
2024-06-26 11:49:40,601 - INFO - Fetched 1000 ridership so far...
2024-06-26 11:49:42,009 - INFO - Fetched 1050 ridership so far...
2024-06-26 11:49:43,532 - INFO - Fetched 1100 ridership so far...
2024-06-26 11:49:44,964 - INFO - Fetched 1150 ridership so far...
2024-06-26 11:49:46,389 - INFO - Fetched 1200 ridership so far...
2024-06-26 11:49:47,901 - INFO - Fetched 1250 ridership so far...
2024-06-26 11:49:49,389 - INFO - Fetched 1300 ridership so far...
2024-06-26 11:49:50,829 - INFO - Fetched 1350 ridership so far...
2024-06-26 11:49:52,275 - INFO - Fetched 1400 ridership so far...
2024-06-26 11:49:53,764 - INFO - Fetched 1450 ridership so far...
2024-06-26 11:49:55,186 - INFO - Fetched 1500 ridership so far...
2024-06-26 11:49:56,595 - INFO - Fetched 1550 ridership so far...
2024-06-26 11:49:57,969 - INFO - Fetched 1600 ridership so far...
2024-06-26 11:49:59,421 - INFO - Fetched 1650 ridership so far...
2024-06-26 11:50:00,892 - INFO - Fetched 1700 ridership so far...
2024-06-26 11:50:02,362 - INFO - Fetched 1750 ridership so far...
2024-06-26 11:50:03,794 - INFO - Fetched 1800 ridership so far...
2024-06-26 11:50:05,244 - INFO - Fetched 1850 ridership so far...
2024-06-26 11:50:06,724 - INFO - Fetched 1900 ridership so far...
2024-06-26 11:50:08,127 - INFO - Fetched 1950 ridership so far...
2024-06-26 11:50:09,611 - INFO - Fetched 2000 ridership so far...
2024-06-26 11:50:11,026 - INFO - Fetched 2050 ridership so far...
2024-06-26 11:50:12,494 - INFO - Fetched 2100 ridership so far...
2024-06-26 11:50:13,935 - INFO - Fetched 2150 ridership so far...
2024-06-26 11:50:15,542 - INFO - Fetched 2200 ridership so far...
2024-06-26 11:50:16,985 - INFO - Fetched 2250 ridership so far...
2024-06-26 11:50:18,430 - INFO - Fetched 2300 ridership so far...
2024-06-26 11:50:19,864 - INFO - Fetched 2350 ridership so far...
2024-06-26 11:50:21,447 - INFO - Fetched 2400 ridership so far...
2024-06-26 11:50:22,872 - INFO - Fetched 2450 ridership so far...
2024-06-26 11:50:24,268 - INFO - Fetched 2500 ridership so far...
2024-06-26 11:50:25,760 - INFO - Fetched 2550 ridership so far...
2024-06-26 11:50:27,148 - INFO - Fetched 2600 ridership so far...
2024-06-26 11:50:28,586 - INFO - Fetched 2650 ridership so far...
2024-06-26 11:50:30,291 - INFO - Fetched 2700 ridership so far...
2024-06-26 11:50:31,750 - INFO - Fetched 2750 ridership so far...
2024-06-26 11:50:33,267 - INFO - Fetched 2800 ridership so far...
2024-06-26 11:50:34,713 - INFO - Fetched 2850 ridership so far...
2024-06-26 11:50:36,148 - INFO - Fetched 2900 ridership so far...
2024-06-26 11:50:37,533 - INFO - Fetched 2950 ridership so far...
2024-06-26 11:50:38,937 - INFO - Fetched 3000 ridership so far...
2024-06-26 11:50:40,358 - INFO - Fetched 3050 ridership so far...
2024-06-26 11:50:41,804 - INFO - Fetched 3100 ridership so far...
2024-06-26 11:50:43,201 - INFO - Fetched 3150 ridership so far...
2024-06-26 11:50:44,649 - INFO - Fetched 3200 ridership so far...
2024-06-26 11:50:46,205 - INFO - Fetched 3250 ridership so far...
2024-06-26 11:50:47,831 - INFO - Fetched 3300 ridership so far...
2024-06-26 11:50:49,393 - INFO - Fetched 3350 ridership so far...
2024-06-26 11:50:50,833 - INFO - Fetched 3400 ridership so far...
2024-06-26 11:50:52,351 - INFO - Fetched 3450 ridership so far...
2024-06-26 11:50:53,842 - INFO - Fetched 3500 ridership so far...
2024-06-26 11:50:55,290 - INFO - Fetched 3550 ridership so far...
2024-06-26 11:50:56,693 - INFO - Fetched 3600 ridership so far...
2024-06-26 11:50:58,133 - INFO - Fetched 3650 ridership so far...
2024-06-26 11:50:59,566 - INFO - Fetched 3700 ridership so far...
2024-06-26 11:51:00,763 - INFO - C:\Users\pcardoso\Documents\coding\spare_kpi\kpi_dashboard\dashboard\views.py changed, reloading.
2024-06-26 11:51:36,884 - INFO - C:\Users\pcardoso\Documents\coding\spare_kpi\kpi_dashboard\dashboard\admin.py changed, reloading.
2024-06-26 11:51:58,641 - INFO - C:\Users\pcardoso\Documents\coding\spare_kpi\kpi_dashboard\dashboard\urls.py changed, reloading.
2024-06-26 11:52:17,087 - INFO - C:\Users\pcardoso\Documents\coding\spare_kpi\kpi_dashboard\dashboard\calculate_kpis.py changed, reloading.
2024-06-26 11:52:34,212 - WARNING - Not Found: /
2024-06-26 11:52:46,015 - INFO - Fetched 50 ridership so far...
2024-06-26 11:52:47,712 - INFO - Fetched 100 ridership so far...
2024-06-26 11:52:49,355 - INFO - Fetched 150 ridership so far...
2024-06-26 11:52:50,878 - INFO - Fetched 200 ridership so far...
2024-06-26 11:52:52,343 - INFO - Fetched 250 ridership so far...
2024-06-26 11:52:54,017 - INFO - Fetched 300 ridership so far...
2024-06-26 11:52:55,448 - INFO - Fetched 350 ridership so far...
2024-06-26 11:52:56,882 - INFO - Fetched 400 ridership so far...
2024-06-26 11:52:58,438 - INFO - Fetched 450 ridership so far...
2024-06-26 11:52:59,857 - INFO - Fetched 500 ridership so far...
2024-06-26 11:53:01,238 - INFO - Fetched 550 ridership so far...
2024-06-26 11:53:02,723 - INFO - Fetched 600 ridership so far...
2024-06-26 11:53:04,173 - INFO - Fetched 650 ridership so far...
2024-06-26 11:53:05,703 - INFO - Fetched 700 ridership so far...
2024-06-26 11:53:07,102 - INFO - Fetched 750 ridership so far...
2024-06-26 11:53:08,578 - INFO - Fetched 800 ridership so far...
2024-06-26 11:53:10,156 - INFO - Fetched 850 ridership so far...
2024-06-26 11:53:11,555 - INFO - Fetched 900 ridership so far...
2024-06-26 11:53:13,072 - INFO - Fetched 950 ridership so far...
2024-06-26 11:53:14,605 - INFO - Fetched 1000 ridership so far...
2024-06-26 11:53:16,070 - INFO - Fetched 1050 ridership so far...
2024-06-26 11:53:17,525 - INFO - Fetched 1100 ridership so far...
2024-06-26 11:53:19,020 - INFO - Fetched 1150 ridership so far...
2024-06-26 11:53:20,529 - INFO - Fetched 1200 ridership so far...
2024-06-26 11:53:21,954 - INFO - Fetched 1250 ridership so far...
2024-06-26 11:53:23,453 - INFO - Fetched 1300 ridership so far...
2024-06-26 11:53:24,954 - INFO - Fetched 1350 ridership so far...
2024-06-26 11:53:26,631 - INFO - Fetched 1400 ridership so far...
2024-06-26 11:53:28,118 - INFO - Fetched 1450 ridership so far...
2024-06-26 11:53:29,525 - INFO - Fetched 1500 ridership so far...
2024-06-26 11:53:30,980 - INFO - Fetched 1550 ridership so far...
2024-06-26 11:53:32,426 - INFO - Fetched 1600 ridership so far...
2024-06-26 11:53:33,901 - INFO - Fetched 1650 ridership so far...
2024-06-26 11:53:35,266 - INFO - Fetched 1700 ridership so far...
2024-06-26 11:53:36,690 - INFO - Fetched 1750 ridership so far...
2024-06-26 11:53:38,120 - INFO - Fetched 1800 ridership so far...
2024-06-26 11:53:39,662 - INFO - Fetched 1850 ridership so far...
2024-06-26 11:53:41,034 - INFO - Fetched 1900 ridership so far...
2024-06-26 11:53:42,582 - INFO - Fetched 1950 ridership so far...
2024-06-26 11:53:44,024 - INFO - Fetched 2000 ridership so far...
2024-06-26 11:53:45,521 - INFO - Fetched 2050 ridership so far...
2024-06-26 11:53:47,032 - INFO - Fetched 2100 ridership so far...
2024-06-26 11:53:48,563 - INFO - Fetched 2150 ridership so far...
2024-06-26 11:53:50,113 - INFO - Fetched 2200 ridership so far...
2024-06-26 11:53:51,581 - INFO - Fetched 2250 ridership so far...
2024-06-26 11:53:53,013 - INFO - Fetched 2300 ridership so far...
2024-06-26 11:53:54,501 - INFO - Fetched 2350 ridership so far...
2024-06-26 11:53:55,956 - INFO - Fetched 2400 ridership so far...
2024-06-26 11:53:57,361 - INFO - Fetched 2450 ridership so far...
2024-06-26 11:53:58,864 - INFO - Fetched 2500 ridership so far...
2024-06-26 11:54:00,294 - INFO - Fetched 2550 ridership so far...
2024-06-26 11:54:01,846 - INFO - Fetched 2600 ridership so far...
2024-06-26 11:54:03,293 - INFO - Fetched 2650 ridership so far...
2024-06-26 11:54:04,810 - INFO - Fetched 2700 ridership so far...
2024-06-26 11:54:06,218 - INFO - Fetched 2750 ridership so far...
2024-06-26 11:54:07,760 - INFO - Fetched 2800 ridership so far...
2024-06-26 11:54:09,206 - INFO - Fetched 2850 ridership so far...
2024-06-26 11:54:10,730 - INFO - Fetched 2900 ridership so far...
2024-06-26 11:54:12,207 - INFO - Fetched 2950 ridership so far...
2024-06-26 11:54:13,710 - INFO - Fetched 3000 ridership so far...
2024-06-26 11:54:15,305 - INFO - Fetched 3050 ridership so far...
2024-06-26 11:54:16,694 - INFO - Fetched 3100 ridership so far...
2024-06-26 11:54:18,207 - INFO - Fetched 3150 ridership so far...
2024-06-26 11:54:19,670 - INFO - Fetched 3200 ridership so far...
2024-06-26 11:54:21,070 - INFO - Fetched 3250 ridership so far...
2024-06-26 11:54:22,477 - INFO - Fetched 3300 ridership so far...
2024-06-26 11:54:23,905 - INFO - Fetched 3350 ridership so far...
2024-06-26 11:54:25,473 - INFO - Fetched 3400 ridership so far...
2024-06-26 11:54:26,897 - INFO - Fetched 3450 ridership so far...
2024-06-26 11:54:28,323 - INFO - Fetched 3500 ridership so far...
2024-06-26 11:54:29,825 - INFO - Fetched 3550 ridership so far...
2024-06-26 11:54:31,290 - INFO - Fetched 3600 ridership so far...
2024-06-26 11:54:33,023 - INFO - Fetched 3650 ridership so far...
2024-06-26 11:54:34,491 - INFO - Fetched 3700 ridership so far...
2024-06-26 11:54:36,359 - INFO - Fetched 3750 ridership so far...
2024-06-26 11:54:37,877 - INFO - Fetched 3800 ridership so far...
2024-06-26 11:54:39,341 - INFO - Fetched 3850 ridership so far...
2024-06-26 11:54:40,792 - INFO - Fetched 3900 ridership so far...
2024-06-26 11:54:42,158 - INFO - Fetched 3950 ridership so far...
2024-06-26 11:54:43,592 - INFO - Fetched 4000 ridership so far...
2024-06-26 11:54:45,025 - INFO - Fetched 4050 ridership so far...
2024-06-26 11:54:46,422 - INFO - Fetched 4100 ridership so far...
2024-06-26 11:54:47,911 - INFO - Fetched 4150 ridership so far...
2024-06-26 11:54:49,458 - INFO - Fetched 4200 ridership so far...
2024-06-26 11:54:50,868 - INFO - Fetched 4250 ridership so far...
2024-06-26 11:54:52,493 - INFO - Fetched 4300 ridership so far...
2024-06-26 11:54:53,909 - INFO - Fetched 4350 ridership so far...
2024-06-26 11:54:55,509 - INFO - Fetched 4400 ridership so far...
2024-06-26 11:54:57,238 - INFO - Fetched 4450 ridership so far...
2024-06-26 11:54:58,922 - INFO - Fetched 4500 ridership so far...
2024-06-26 11:55:00,405 - INFO - Fetched 4550 ridership so far...
2024-06-26 11:55:02,071 - INFO - Fetched 4600 ridership so far...
2024-06-26 11:55:03,500 - INFO - Fetched 4650 ridership so far...
2024-06-26 11:55:04,980 - INFO - Fetched 4700 ridership so far...
2024-06-26 11:55:06,642 - INFO - Fetched 4750 ridership so far...
2024-06-26 11:55:08,071 - INFO - Fetched 4800 ridership so far...
2024-06-26 11:55:09,525 - INFO - Fetched 4850 ridership so far...
2024-06-26 11:55:10,939 - INFO - Fetched 4900 ridership so far...
2024-06-26 11:55:12,627 - INFO - Fetched 4950 ridership so far...
2024-06-26 11:55:14,072 - INFO - Fetched 5000 ridership so far...
2024-06-26 11:55:15,606 - INFO - Fetched 5050 ridership so far...
2024-06-26 11:55:17,088 - INFO - Fetched 5100 ridership so far...
2024-06-26 11:55:18,529 - INFO - Fetched 5150 ridership so far...
2024-06-26 11:55:20,022 - INFO - Fetched 5200 ridership so far...
2024-06-26 11:55:21,424 - INFO - Fetched 5250 ridership so far...
2024-06-26 11:55:22,858 - INFO - Fetched 5300 ridership so far...
2024-06-26 11:55:24,361 - INFO - Fetched 5350 ridership so far...
2024-06-26 11:55:25,846 - INFO - Fetched 5400 ridership so far...
2024-06-26 11:55:27,360 - INFO - Fetched 5450 ridership so far...
2024-06-26 11:55:28,808 - INFO - Fetched 5500 ridership so far...
2024-06-26 11:55:30,288 - INFO - Fetched 5550 ridership so far...
2024-06-26 11:55:31,755 - INFO - Fetched 5600 ridership so far...
2024-06-26 11:55:33,422 - INFO - Fetched 5650 ridership so far...
2024-06-26 11:55:34,875 - INFO - Fetched 5700 ridership so far...
2024-06-26 11:55:36,312 - INFO - Fetched 5750 ridership so far...
2024-06-26 11:55:37,724 - INFO - Fetched 5800 ridership so far...
2024-06-26 11:55:39,254 - INFO - Fetched 5850 ridership so far...
2024-06-26 11:55:40,740 - INFO - Fetched 5900 ridership so far...
2024-06-26 11:55:42,284 - INFO - Fetched 5950 ridership so far...
2024-06-26 11:55:43,898 - INFO - Fetched 6000 ridership so far...
2024-06-26 11:55:45,423 - INFO - Fetched 6050 ridership so far...
2024-06-26 11:55:46,891 - INFO - Fetched 6100 ridership so far...
2024-06-26 11:55:48,303 - INFO - Fetched 6150 ridership so far...
2024-06-26 11:55:49,844 - INFO - Fetched 6200 ridership so far...
2024-06-26 11:55:51,455 - INFO - Fetched 6250 ridership so far...
2024-06-26 11:55:52,975 - INFO - Fetched 6300 ridership so far...
2024-06-26 11:55:54,459 - INFO - Fetched 6350 ridership so far...
2024-06-26 11:55:55,956 - INFO - Fetched 6400 ridership so far...
2024-06-26 11:55:57,524 - INFO - Fetched 6450 ridership so far...
2024-06-26 11:55:59,151 - INFO - Fetched 6500 ridership so far...
2024-06-26 11:56:00,941 - INFO - Fetched 6550 ridership so far...
2024-06-26 11:56:02,477 - INFO - Fetched 6600 ridership so far...
2024-06-26 11:56:04,124 - INFO - Fetched 6650 ridership so far...
2024-06-26 11:56:05,642 - INFO - Fetched 6700 ridership so far...
2024-06-26 11:56:07,141 - INFO - Fetched 6750 ridership so far...
2024-06-26 11:56:08,600 - INFO - Fetched 6800 ridership so far...
2024-06-26 11:56:10,077 - INFO - Fetched 6850 ridership so far...
2024-06-26 11:56:11,509 - INFO - Fetched 6900 ridership so far...
2024-06-26 11:56:13,075 - INFO - Fetched 6950 ridership so far...
2024-06-26 11:56:14,591 - INFO - Fetched 7000 ridership so far...
2024-06-26 11:56:16,114 - INFO - Fetched 7050 ridership so far...
2024-06-26 11:56:17,576 - INFO - Fetched 7100 ridership so far...
2024-06-26 11:56:19,009 - INFO - Fetched 7150 ridership so far...
2024-06-26 11:56:20,464 - INFO - Fetched 7200 ridership so far...
2024-06-26 11:56:21,997 - INFO - Fetched 7250 ridership so far...
2024-06-26 11:56:23,522 - INFO - Fetched 7300 ridership so far...
2024-06-26 11:56:24,942 - INFO - Fetched 7350 ridership so far...
2024-06-26 11:56:26,385 - INFO - Fetched 7400 ridership so far...
2024-06-26 11:56:27,864 - INFO - Fetched 7450 ridership so far...
2024-06-26 11:56:29,894 - INFO - Fetched 7500 ridership so far...
2024-06-26 11:56:31,446 - INFO - Fetched 7550 ridership so far...
2024-06-26 11:56:32,992 - INFO - Fetched 7600 ridership so far...
2024-06-26 11:56:34,557 - INFO - Fetched 7650 ridership so far...
2024-06-26 11:56:36,189 - INFO - Fetched 7700 ridership so far...
2024-06-26 11:56:37,792 - INFO - Fetched 7750 ridership so far...
2024-06-26 11:56:39,280 - INFO - Fetched 7800 ridership so far...
2024-06-26 11:56:40,804 - INFO - Fetched 7850 ridership so far...
2024-06-26 11:56:42,231 - INFO - Fetched 7900 ridership so far...
2024-06-26 11:56:43,674 - INFO - Fetched 7950 ridership so far...
2024-06-26 11:56:45,093 - INFO - Fetched 8000 ridership so far...
2024-06-26 11:56:46,658 - INFO - Fetched 8050 ridership so far...
2024-06-26 11:56:48,143 - INFO - Fetched 8100 ridership so far...
2024-06-26 11:56:49,611 - INFO - Fetched 8150 ridership so far...
2024-06-26 11:56:51,066 - INFO - Fetched 8200 ridership so far...
2024-06-26 11:56:52,686 - INFO - Fetched 8250 ridership so far...
2024-06-26 11:56:54,182 - INFO - Fetched 8300 ridership so far...
2024-06-26 11:56:55,695 - INFO - Fetched 8350 ridership so far...
2024-06-26 11:56:57,096 - INFO - Fetched 8400 ridership so far...
2024-06-26 11:56:58,480 - INFO - Fetched 8450 ridership so far...
2024-06-26 11:56:59,912 - INFO - Fetched 8500 ridership so far...
2024-06-26 11:57:01,448 - INFO - Fetched 8550 ridership so far...
2024-06-26 11:57:02,964 - INFO - Fetched 8600 ridership so far...
2024-06-26 11:57:04,339 - INFO - Fetched 8650 ridership so far...
2024-06-26 11:57:05,812 - INFO - Fetched 8700 ridership so far...
2024-06-26 11:57:07,245 - INFO - Fetched 8750 ridership so far...
2024-06-26 11:57:08,628 - INFO - Fetched 8800 ridership so far...
2024-06-26 11:57:10,084 - INFO - Fetched 8850 ridership so far...
2024-06-26 11:57:11,539 - INFO - Fetched 8900 ridership so far...
2024-06-26 11:57:13,011 - INFO - Fetched 8950 ridership so far...
2024-06-26 11:57:14,686 - INFO - Fetched 9000 ridership so far...
2024-06-26 11:57:16,233 - INFO - Fetched 9050 ridership so far...
2024-06-26 11:57:17,742 - INFO - Fetched 9100 ridership so far...
2024-06-26 11:57:19,177 - INFO - Fetched 9150 ridership so far...
2024-06-26 11:57:20,631 - INFO - Fetched 9200 ridership so far...
2024-06-26 11:57:22,021 - INFO - Fetched 9250 ridership so far...
2024-06-26 11:57:23,626 - INFO - Fetched 9300 ridership so far...
2024-06-26 11:57:25,100 - INFO - Fetched 9350 ridership so far...
2024-06-26 11:57:26,546 - INFO - Fetched 9400 ridership so far...
2024-06-26 11:57:28,007 - INFO - Fetched 9450 ridership so far...
2024-06-26 11:57:29,710 - INFO - Fetched 9500 ridership so far...
2024-06-26 11:57:31,267 - INFO - Fetched 9550 ridership so far...
2024-06-26 11:57:32,802 - INFO - Fetched 9600 ridership so far...
2024-06-26 11:57:34,266 - INFO - Fetched 9650 ridership so far...
2024-06-26 11:57:35,711 - INFO - Fetched 9700 ridership so far...
2024-06-26 11:57:37,322 - INFO - Fetched 9750 ridership so far...
2024-06-26 11:57:38,878 - INFO - Fetched 9800 ridership so far...
2024-06-26 11:57:40,317 - INFO - Fetched 9850 ridership so far...
2024-06-26 11:57:41,863 - INFO - Fetched 9900 ridership so far...
2024-06-26 11:57:43,348 - INFO - Fetched 9950 ridership so far...
2024-06-26 11:57:44,892 - INFO - Fetched 10000 ridership so far...
2024-06-26 11:57:46,458 - INFO - Fetched 10050 ridership so far...
2024-06-26 11:57:48,027 - INFO - Fetched 10100 ridership so far...
2024-06-26 11:57:49,460 - INFO - Fetched 10150 ridership so far...
2024-06-26 11:57:50,923 - INFO - Fetched 10200 ridership so far...
2024-06-26 11:57:52,355 - INFO - Fetched 10250 ridership so far...
2024-06-26 11:57:53,771 - INFO - Fetched 10300 ridership so far...
2024-06-26 11:57:55,206 - INFO - Fetched 10350 ridership so far...
2024-06-26 11:57:56,671 - INFO - Fetched 10400 ridership so far...
2024-06-26 11:57:58,338 - INFO - Fetched 10450 ridership so far...
2024-06-26 11:58:00,040 - INFO - Fetched 10500 ridership so far...
2024-06-26 11:58:01,568 - INFO - Fetched 10550 ridership so far...
2024-06-26 11:58:03,158 - INFO - Fetched 10600 ridership so far...
2024-06-26 11:58:04,582 - INFO - Fetched 10606 ridership so far...
2024-06-26 11:58:04,584 - INFO - Fetched 10606 ridership.
2024-06-26 11:58:27,105 - ERROR - Internal Server Error: /dashboard/update/
Traceback (most recent call last):
  File "C:\Users\pcardoso\Documents\coding\spare_kpi\venv\Lib\site-packages\django\core\handlers\exception.py", line 55, in inner
    response = get_response(request)
               ^^^^^^^^^^^^^^^^^^^^^
  File "C:\Users\pcardoso\Documents\coding\spare_kpi\venv\Lib\site-packages\django\core\handlers\base.py", line 197, in _get_response
    response = wrapped_callback(request, *callback_args, **callback_kwargs)
               ^^^^^^^^^^^^^^^^^^^^^^^^^^^^^^^^^^^^^^^^^^^^^^^^^^^^^^^^^^^^
  File "C:\Users\pcardoso\Documents\coding\spare_kpi\kpi_dashboard\dashboard\views.py", line 13, in update_kpis
    kpi_data = calculate_ridership_kpis(ridership_data)
               ^^^^^^^^^^^^^^^^^^^^^^^^^^^^^^^^^^^^^^^^
  File "C:\Users\pcardoso\Documents\coding\spare_kpi\kpi_dashboard\dashboard\calculate_kpis.py", line 10, in calculate_ridership_kpis
    total_requests = len(set(trip['requestId'] for trip in data))
                         ^^^^^^^^^^^^^^^^^^^^^^^^^^^^^^^^^^^^^^^
  File "C:\Users\pcardoso\Documents\coding\spare_kpi\kpi_dashboard\dashboard\calculate_kpis.py", line 10, in <genexpr>
    total_requests = len(set(trip['requestId'] for trip in data))
                             ~~~~^^^^^^^^^^^^^
KeyError: 'requestId'
2024-06-26 11:59:41,295 - INFO - C:\Users\pcardoso\Documents\coding\spare_kpi\kpi_dashboard\dashboard\views.py changed, reloading.
2024-06-26 12:00:18,544 - INFO - C:\Users\pcardoso\Documents\coding\spare_kpi\kpi_dashboard\kpi_dashboard\settings.py changed, reloading.
2024-06-26 12:00:49,629 - INFO - C:\Users\pcardoso\Documents\coding\spare_kpi\kpi_dashboard\dashboard\views.py changed, reloading.
2024-06-26 12:01:06,060 - INFO - C:\Users\pcardoso\Documents\coding\spare_kpi\kpi_dashboard\dashboard\views.py changed, reloading.
2024-06-26 12:03:58,761 - INFO - C:\Users\pcardoso\Documents\coding\spare_kpi\kpi_dashboard\dashboard\calculate_kpis.py changed, reloading.
2024-06-26 14:40:02,590 - INFO - C:\Users\pcardoso\Documents\coding\spare_kpi\kpi_dashboard\dashboard\urls.py changed, reloading.
2024-06-26 16:22:48,240 - INFO - C:\Users\pcardoso\Documents\coding\spare_kpi\kpi_dashboard\dashboard\calculate_kpis.py changed, reloading.
2024-06-26 16:25:40,354 - INFO - C:\Users\pcardoso\Documents\coding\spare_kpi\kpi_dashboard\dashboard\calculate_kpis.py changed, reloading.
2024-06-27 08:43:20,186 - WARNING - Not Found: /favicon.ico
2024-06-27 08:43:20,715 - WARNING - Not Found: /favicon.ico
2024-06-27 10:28:32,210 - WARNING - Not Found: /favicon.ico
2024-06-27 10:28:33,048 - WARNING - Not Found: /favicon.ico
